1592063724443	mozrunner::runner	INFO	Running command: "/usr/bin/firefox" "-marionette" "-foreground" "-no-remote" "-profile" "/tmp/rust_mozprofile.Qzqz7PS6xALX"
1592063726219	Marionette	INFO	Listening on port 33393
1592063726247	Marionette	WARN	TLS certificate errors will be ignored for this session
[Child 6429, MediaDecoderStateMachine #1] WARNING: 7f8bd3dbd600 OpenCubeb() failed to init cubeb: file /build/firefox-PX6VQo/firefox-77.0.1+build1/dom/media/AudioStream.cpp, line 328
[Child 6429, MediaDecoderStateMachine #1] WARNING: Decoder=7f8bddccc400 [OnMediaSinkAudioError]: file /build/firefox-PX6VQo/firefox-77.0.1+build1/dom/media/MediaDecoderStateMachine.cpp, line 3764
[Child 6429, MediaDecoderStateMachine #1] WARNING: Decoder=7f8bddccc400 Decode error: NS_ERROR_DOM_MEDIA_FATAL_ERR (0x806e0005) - RefPtr<MediaSourceTrackDemuxer::SamplesPromise> mozilla::MediaSourceTrackDemuxer::DoGetSamples(int32_t): manager is detached.: file /build/firefox-PX6VQo/firefox-77.0.1+build1/dom/media/MediaDecoderStateMachine.cpp, line 3370
[Child 6429, MediaDecoderStateMachine #1] WARNING: 7f8bd3652050 OpenCubeb() failed to init cubeb: file /build/firefox-PX6VQo/firefox-77.0.1+build1/dom/media/AudioStream.cpp, line 328
[Child 6429, MediaDecoderStateMachine #1] WARNING: Decoder=7f8bde1bb400 [OnMediaSinkAudioError]: file /build/firefox-PX6VQo/firefox-77.0.1+build1/dom/media/MediaDecoderStateMachine.cpp, line 3764
[Child 6429, MediaDecoderStateMachine #1] WARNING: 7f8bc2ac14a0 OpenCubeb() failed to init cubeb: file /build/firefox-PX6VQo/firefox-77.0.1+build1/dom/media/AudioStream.cpp, line 328
[Child 6429, MediaDecoderStateMachine #1] WARNING: Decoder=7f8bd364c800 [OnMediaSinkAudioError]: file /build/firefox-PX6VQo/firefox-77.0.1+build1/dom/media/MediaDecoderStateMachine.cpp, line 3764
[Child 6429, MediaDecoderStateMachine #1] WARNING: 7f8bc2ac0600 OpenCubeb() failed to init cubeb: file /build/firefox-PX6VQo/firefox-77.0.1+build1/dom/media/AudioStream.cpp, line 328
[Child 6429, MediaDecoderStateMachine #1] WARNING: Decoder=7f8bd364c800 [OnMediaSinkAudioError]: file /build/firefox-PX6VQo/firefox-77.0.1+build1/dom/media/MediaDecoderStateMachine.cpp, line 3764
[Child 6429, MediaDecoderStateMachine #1] WARNING: 7f8bc2ac0c80 OpenCubeb() failed to init cubeb: file /build/firefox-PX6VQo/firefox-77.0.1+build1/dom/media/AudioStream.cpp, line 328
[Child 6429, MediaDecoderStateMachine #1] WARNING: Decoder=7f8bd364c800 [OnMediaSinkAudioError]: file /build/firefox-PX6VQo/firefox-77.0.1+build1/dom/media/MediaDecoderStateMachine.cpp, line 3764
[Child 6429, MediaDecoderStateMachine #1] WARNING: 7f8bc2ac18b0 OpenCubeb() failed to init cubeb: file /build/firefox-PX6VQo/firefox-77.0.1+build1/dom/media/AudioStream.cpp, line 328
[Child 6429, MediaDecoderStateMachine #1] WARNING: Decoder=7f8bd364c800 [OnMediaSinkAudioError]: file /build/firefox-PX6VQo/firefox-77.0.1+build1/dom/media/MediaDecoderStateMachine.cpp, line 3764
IPDL protocol error: Handler returned error code!

###!!! [Parent][DispatchAsyncMessage] Error: PLayerTransaction::Msg_ReleaseLayer Processing error: message was deserialized, but the handler returned false (indicating failure)

IPDL protocol error: Handler returned error code!

###!!! [Parent][DispatchAsyncMessage] Error: PLayerTransaction::Msg_ReleaseLayer Processing error: message was deserialized, but the handler returned false (indicating failure)

IPDL protocol error: Handler returned error code!

###!!! [Parent][DispatchAsyncMessage] Error: PLayerTransaction::Msg_ReleaseLayer Processing error: message was deserialized, but the handler returned false (indicating failure)

IPDL protocol error: Handler returned error code!

###!!! [Parent][DispatchAsyncMessage] Error: PLayerTransaction::Msg_ReleaseLayer Processing error: message was deserialized, but the handler returned false (indicating failure)

IPDL protocol error: Handler returned error code!

###!!! [Parent][DispatchAsyncMessage] Error: PLayerTransaction::Msg_ReleaseLayer Processing error: message was deserialized, but the handler returned false (indicating failure)

1592063808696	Marionette	INFO	Stopped listening on port 33393
1592063950217	mozrunner::runner	INFO	Running command: "/usr/bin/firefox" "-marionette" "-foreground" "-no-remote" "-profile" "/tmp/rust_mozprofile.dQI4t7VMnosx"
1592063952021	Marionette	INFO	Listening on port 45893
1592063952121	Marionette	WARN	TLS certificate errors will be ignored for this session
JavaScript error: resource://gre/modules/UrlClassifierListManager.jsm, line 691: TypeError: this.tablesData[table] is undefined
1592063954892	Marionette	INFO	Stopped listening on port 45893
1592064081248	mozrunner::runner	INFO	Running command: "/usr/bin/firefox" "-marionette" "-foreground" "-no-remote" "-profile" "/tmp/rust_mozprofile.4gjJ6aGsR97l"
1592064083073	Marionette	INFO	Listening on port 40913
1592064083152	Marionette	WARN	TLS certificate errors will be ignored for this session
1592065462659	mozrunner::runner	INFO	Running command: "/usr/bin/firefox" "-marionette" "-foreground" "-no-remote" "-profile" "/tmp/rust_mozprofile.hDeAgIf4zxhP"
1592065464444	Marionette	INFO	Listening on port 43335
1592065464467	Marionette	WARN	TLS certificate errors will be ignored for this session
[Child 8942, MediaDecoderStateMachine #1] WARNING: 7fb7feee8530 OpenCubeb() failed to init cubeb: file /build/firefox-PX6VQo/firefox-77.0.1+build1/dom/media/AudioStream.cpp, line 328
[Child 8942, MediaDecoderStateMachine #1] WARNING: Decoder=7fb80d17e800 [OnMediaSinkAudioError]: file /build/firefox-PX6VQo/firefox-77.0.1+build1/dom/media/MediaDecoderStateMachine.cpp, line 3764
[Child 8942, MediaDecoderStateMachine #1] WARNING: Decoder=7fb80d17e800 Decode error: NS_ERROR_DOM_MEDIA_MEDIASINK_ERR (0x806e000b) - OnMediaSinkAudioError: file /build/firefox-PX6VQo/firefox-77.0.1+build1/dom/media/MediaDecoderStateMachine.cpp, line 3370
1592065623703	mozrunner::runner	INFO	Running command: "/usr/bin/firefox" "-marionette" "-foreground" "-no-remote" "-profile" "/tmp/rust_mozprofile.ys8apC32AKbz"
1592065625587	Marionette	INFO	Listening on port 40127
1592065625609	Marionette	WARN	TLS certificate errors will be ignored for this session
1592065626956	Marionette	INFO	Stopped listening on port 40913
[Child 9317, MediaDecoderStateMachine #1] WARNING: 7f9de126dfc0 OpenCubeb() failed to init cubeb: file /build/firefox-PX6VQo/firefox-77.0.1+build1/dom/media/AudioStream.cpp, line 328
[Child 9317, MediaDecoderStateMachine #1] WARNING: Decoder=7f9def281000 [OnMediaSinkAudioError]: file /build/firefox-PX6VQo/firefox-77.0.1+build1/dom/media/MediaDecoderStateMachine.cpp, line 3764
[Child 9317, MediaDecoderStateMachine #1] WARNING: Decoder=7f9def281000 Decode error: NS_ERROR_DOM_MEDIA_MEDIASINK_ERR (0x806e000b) - OnMediaSinkAudioError: file /build/firefox-PX6VQo/firefox-77.0.1+build1/dom/media/MediaDecoderStateMachine.cpp, line 3370
JavaScript error: https://eus.rubiconproject.com/usync.html?p=infolinks&endpoint=us-east, line 12: SecurityError: The operation is insecure.
[Child 9317, MediaDecoderStateMachine #1] WARNING: 7f9de5ac6cc0 OpenCubeb() failed to init cubeb: file /build/firefox-PX6VQo/firefox-77.0.1+build1/dom/media/AudioStream.cpp, line 328
[Child 9317, MediaDecoderStateMachine #1] WARNING: Decoder=7f9de95ad400 [OnMediaSinkAudioError]: file /build/firefox-PX6VQo/firefox-77.0.1+build1/dom/media/MediaDecoderStateMachine.cpp, line 3764
[Child 9317, MediaDecoderStateMachine #1] WARNING: Decoder=7f9de95ad400 Decode error: NS_ERROR_DOM_MEDIA_MEDIASINK_ERR (0x806e000b) - OnMediaSinkAudioError: file /build/firefox-PX6VQo/firefox-77.0.1+build1/dom/media/MediaDecoderStateMachine.cpp, line 3370
JavaScript error: https://eus.rubiconproject.com/usync.html?p=infolinks&endpoint=us-east, line 12: SecurityError: The operation is insecure.

###!!! [Child][RunMessage] Error: Channel closing: too late to send/recv, messages will be lost

1592065653236	Marionette	INFO	Stopped listening on port 40127
1592065653415	mozrunner::runner	INFO	Running command: "/usr/bin/firefox" "-marionette" "-foreground" "-no-remote" "-profile" "/tmp/rust_mozprofile.sfbYmGf6gfY9"
1592065655227	Marionette	INFO	Listening on port 42411
1592065655318	Marionette	WARN	TLS certificate errors will be ignored for this session
JavaScript error: https://eus.rubiconproject.com/usync.html?p=infolinks&endpoint=us-east, line 12: SecurityError: The operation is insecure.
1592065655929	Marionette	INFO	Stopped listening on port 43335
[Child 9688, MediaDecoderStateMachine #1] WARNING: 7f270a0d8ef0 OpenCubeb() failed to init cubeb: file /build/firefox-PX6VQo/firefox-77.0.1+build1/dom/media/AudioStream.cpp, line 328
[Child 9688, MediaDecoderStateMachine #1] WARNING: Decoder=7f27061ab000 [OnMediaSinkAudioError]: file /build/firefox-PX6VQo/firefox-77.0.1+build1/dom/media/MediaDecoderStateMachine.cpp, line 3764
[Child 9688, MediaDecoderStateMachine #1] WARNING: Decoder=7f27061ab000 Decode error: NS_ERROR_DOM_MEDIA_MEDIASINK_ERR (0x806e000b) - OnMediaSinkAudioError: file /build/firefox-PX6VQo/firefox-77.0.1+build1/dom/media/MediaDecoderStateMachine.cpp, line 3370
[Child 9688, MediaDecoderStateMachine #1] WARNING: 7f270a0d8ef0 OpenCubeb() failed to init cubeb: file /build/firefox-PX6VQo/firefox-77.0.1+build1/dom/media/AudioStream.cpp, line 328
[Child 9688, MediaDecoderStateMachine #1] WARNING: Decoder=7f2708dcd400 [OnMediaSinkAudioError]: file /build/firefox-PX6VQo/firefox-77.0.1+build1/dom/media/MediaDecoderStateMachine.cpp, line 3764
[Child 9688, MediaDecoderStateMachine #1] WARNING: Decoder=7f2708dcd400 Decode error: NS_ERROR_DOM_MEDIA_MEDIASINK_ERR (0x806e000b) - OnMediaSinkAudioError: file /build/firefox-PX6VQo/firefox-77.0.1+build1/dom/media/MediaDecoderStateMachine.cpp, line 3370
JavaScript error: https://eus.rubiconproject.com/usync.html?p=infolinks&endpoint=us-east, line 12: SecurityError: The operation is insecure.
[Child 9688, MediaDecoderStateMachine #1] WARNING: 7f2707d8d6d0 OpenCubeb() failed to init cubeb: file /build/firefox-PX6VQo/firefox-77.0.1+build1/dom/media/AudioStream.cpp, line 328
[Child 9688, MediaDecoderStateMachine #1] WARNING: Decoder=7f2707da6400 [OnMediaSinkAudioError]: file /build/firefox-PX6VQo/firefox-77.0.1+build1/dom/media/MediaDecoderStateMachine.cpp, line 3764
[Child 9688, MediaDecoderStateMachine #1] WARNING: Decoder=7f2707da6400 Decode error: NS_ERROR_DOM_MEDIA_MEDIASINK_ERR (0x806e000b) - OnMediaSinkAudioError: file /build/firefox-PX6VQo/firefox-77.0.1+build1/dom/media/MediaDecoderStateMachine.cpp, line 3370
JavaScript error: https://eus.rubiconproject.com/usync.html?p=infolinks&endpoint=us-east, line 12: SecurityError: The operation is insecure.
1592065771234	Marionette	INFO	Stopped listening on port 42411
1592072765107	mozrunner::runner	INFO	Running command: "/usr/bin/firefox" "-marionette" "-foreground" "-no-remote" "-profile" "/tmp/rust_mozprofile.OSAVBSE256lx"
1592072766936	Marionette	INFO	Listening on port 35645
1592072767011	Marionette	WARN	TLS certificate errors will be ignored for this session
[Child 12935, MediaDecoderStateMachine #1] WARNING: 7f2ebbc63b20 OpenCubeb() failed to init cubeb: file /build/firefox-PX6VQo/firefox-77.0.1+build1/dom/media/AudioStream.cpp, line 328
[Child 12935, MediaDecoderStateMachine #1] WARNING: Decoder=7f2ed1e54400 [OnMediaSinkAudioError]: file /build/firefox-PX6VQo/firefox-77.0.1+build1/dom/media/MediaDecoderStateMachine.cpp, line 3764
[Child 12935, MediaDecoderStateMachine #1] WARNING: Decoder=7f2ed1e54400 Decode error: NS_ERROR_DOM_MEDIA_MEDIASINK_ERR (0x806e000b) - OnMediaSinkAudioError: file /build/firefox-PX6VQo/firefox-77.0.1+build1/dom/media/MediaDecoderStateMachine.cpp, line 3370
1592073066188	mozrunner::runner	INFO	Running command: "/usr/bin/firefox" "-marionette" "-foreground" "-no-remote" "-profile" "/tmp/rust_mozprofile.9xFexGGVaMKX"
1592073068122	Marionette	INFO	Listening on port 44363
1592073068192	Marionette	WARN	TLS certificate errors will be ignored for this session
[Child 13536, MediaDecoderStateMachine #1] WARNING: 7f7015ec7cc0 OpenCubeb() failed to init cubeb: file /build/firefox-PX6VQo/firefox-77.0.1+build1/dom/media/AudioStream.cpp, line 328
[Child 13536, MediaDecoderStateMachine #1] WARNING: Decoder=7f701220c800 [OnMediaSinkAudioError]: file /build/firefox-PX6VQo/firefox-77.0.1+build1/dom/media/MediaDecoderStateMachine.cpp, line 3764
[Child 13536, MediaDecoderStateMachine #1] WARNING: Decoder=7f701220c800 Decode error: NS_ERROR_DOM_MEDIA_MEDIASINK_ERR (0x806e000b) - OnMediaSinkAudioError: file /build/firefox-PX6VQo/firefox-77.0.1+build1/dom/media/MediaDecoderStateMachine.cpp, line 3370
1592073091723	mozrunner::runner	INFO	Running command: "/usr/bin/firefox" "-marionette" "-foreground" "-no-remote" "-profile" "/tmp/rust_mozprofile.lc67wLiWfskg"
1592073093641	Marionette	INFO	Listening on port 45133
1592073093727	Marionette	WARN	TLS certificate errors will be ignored for this session
JavaScript error: https://eus.rubiconproject.com/usync.html?p=infolinks&endpoint=us-east, line 12: SecurityError: The operation is insecure.
IPDL protocol error: Handler returned error code!

###!!! [Parent][DispatchAsyncMessage] Error: PLayerTransaction::Msg_ReleaseLayer Processing error: message was deserialized, but the handler returned false (indicating failure)

IPDL protocol error: Handler returned error code!

###!!! [Parent][DispatchAsyncMessage] Error: PLayerTransaction::Msg_ReleaseLayer Processing error: message was deserialized, but the handler returned false (indicating failure)

IPDL protocol error: Handler returned error code!

###!!! [Parent][DispatchAsyncMessage] Error: PLayerTransaction::Msg_ReleaseLayer Processing error: message was deserialized, but the handler returned false (indicating failure)

IPDL protocol error: Handler returned error code!

###!!! [Parent][DispatchAsyncMessage] Error: PLayerTransaction::Msg_ReleaseLayer Processing error: message was deserialized, but the handler returned false (indicating failure)

IPDL protocol error: Handler returned error code!

###!!! [Parent][DispatchAsyncMessage] Error: PLayerTransaction::Msg_ReleaseLayer Processing error: message was deserialized, but the handler returned false (indicating failure)

IPDL protocol error: Handler returned error code!

###!!! [Parent][DispatchAsyncMessage] Error: PLayerTransaction::Msg_ReleaseLayer Processing error: message was deserialized, but the handler returned false (indicating failure)

IPDL protocol error: Handler returned error code!

###!!! [Parent][DispatchAsyncMessage] Error: PLayerTransaction::Msg_ReleaseLayer Processing error: message was deserialized, but the handler returned false (indicating failure)

IPDL protocol error: Handler returned error code!

###!!! [Parent][DispatchAsyncMessage] Error: PLayerTransaction::Msg_ReleaseLayer Processing error: message was deserialized, but the handler returned false (indicating failure)

IPDL protocol error: Handler returned error code!

###!!! [Parent][DispatchAsyncMessage] Error: PLayerTransaction::Msg_ReleaseLayer Processing error: message was deserialized, but the handler returned false (indicating failure)

IPDL protocol error: Handler returned error code!

###!!! [Parent][DispatchAsyncMessage] Error: PLayerTransaction::Msg_ReleaseLayer Processing error: message was deserialized, but the handler returned false (indicating failure)

IPDL protocol error: Handler returned error code!

###!!! [Parent][DispatchAsyncMessage] Error: PLayerTransaction::Msg_ReleaseLayer Processing error: message was deserialized, but the handler returned false (indicating failure)

IPDL protocol error: Handler returned error code!

###!!! [Parent][DispatchAsyncMessage] Error: PLayerTransaction::Msg_ReleaseLayer Processing error: message was deserialized, but the handler returned false (indicating failure)

IPDL protocol error: Handler returned error code!

###!!! [Parent][DispatchAsyncMessage] Error: PLayerTransaction::Msg_ReleaseLayer Processing error: message was deserialized, but the handler returned false (indicating failure)

IPDL protocol error: Handler returned error code!

###!!! [Parent][DispatchAsyncMessage] Error: PLayerTransaction::Msg_ReleaseLayer Processing error: message was deserialized, but the handler returned false (indicating failure)

IPDL protocol error: Handler returned error code!

###!!! [Parent][DispatchAsyncMessage] Error: PLayerTransaction::Msg_ReleaseLayer Processing error: message was deserialized, but the handler returned false (indicating failure)

IPDL protocol error: Handler returned error code!

###!!! [Parent][DispatchAsyncMessage] Error: PLayerTransaction::Msg_ReleaseLayer Processing error: message was deserialized, but the handler returned false (indicating failure)

IPDL protocol error: Handler returned error code!

###!!! [Parent][DispatchAsyncMessage] Error: PLayerTransaction::Msg_ReleaseLayer Processing error: message was deserialized, but the handler returned false (indicating failure)

IPDL protocol error: Handler returned error code!

###!!! [Parent][DispatchAsyncMessage] Error: PLayerTransaction::Msg_ReleaseLayer Processing error: message was deserialized, but the handler returned false (indicating failure)

IPDL protocol error: Handler returned error code!

###!!! [Parent][DispatchAsyncMessage] Error: PLayerTransaction::Msg_ReleaseLayer Processing error: message was deserialized, but the handler returned false (indicating failure)

IPDL protocol error: Handler returned error code!

###!!! [Parent][DispatchAsyncMessage] Error: PLayerTransaction::Msg_ReleaseLayer Processing error: message was deserialized, but the handler returned false (indicating failure)

IPDL protocol error: Handler returned error code!

###!!! [Parent][DispatchAsyncMessage] Error: PLayerTransaction::Msg_ReleaseLayer Processing error: message was deserialized, but the handler returned false (indicating failure)

IPDL protocol error: Handler returned error code!

###!!! [Parent][DispatchAsyncMessage] Error: PLayerTransaction::Msg_ReleaseLayer Processing error: message was deserialized, but the handler returned false (indicating failure)

IPDL protocol error: Handler returned error code!

###!!! [Parent][DispatchAsyncMessage] Error: PLayerTransaction::Msg_ReleaseLayer Processing error: message was deserialized, but the handler returned false (indicating failure)

IPDL protocol error: Handler returned error code!

###!!! [Parent][DispatchAsyncMessage] Error: PLayerTransaction::Msg_ReleaseLayer Processing error: message was deserialized, but the handler returned false (indicating failure)

IPDL protocol error: Handler returned error code!

###!!! [Parent][DispatchAsyncMessage] Error: PLayerTransaction::Msg_ReleaseLayer Processing error: message was deserialized, but the handler returned false (indicating failure)

IPDL protocol error: Handler returned error code!

###!!! [Parent][DispatchAsyncMessage] Error: PLayerTransaction::Msg_ReleaseLayer Processing error: message was deserialized, but the handler returned false (indicating failure)

IPDL protocol error: Handler returned error code!

###!!! [Parent][DispatchAsyncMessage] Error: PLayerTransaction::Msg_ReleaseLayer Processing error: message was deserialized, but the handler returned false (indicating failure)

IPDL protocol error: Handler returned error code!

###!!! [Parent][DispatchAsyncMessage] Error: PLayerTransaction::Msg_ReleaseLayer Processing error: message was deserialized, but the handler returned false (indicating failure)

IPDL protocol error: Handler returned error code!

###!!! [Parent][DispatchAsyncMessage] Error: PLayerTransaction::Msg_ReleaseLayer Processing error: message was deserialized, but the handler returned false (indicating failure)

IPDL protocol error: Handler returned error code!

###!!! [Parent][DispatchAsyncMessage] Error: PLayerTransaction::Msg_ReleaseLayer Processing error: message was deserialized, but the handler returned false (indicating failure)

IPDL protocol error: Handler returned error code!

###!!! [Parent][DispatchAsyncMessage] Error: PLayerTransaction::Msg_ReleaseLayer Processing error: message was deserialized, but the handler returned false (indicating failure)

IPDL protocol error: Handler returned error code!

###!!! [Parent][DispatchAsyncMessage] Error: PLayerTransaction::Msg_ReleaseLayer Processing error: message was deserialized, but the handler returned false (indicating failure)

IPDL protocol error: Handler returned error code!

###!!! [Parent][DispatchAsyncMessage] Error: PLayerTransaction::Msg_ReleaseLayer Processing error: message was deserialized, but the handler returned false (indicating failure)

1592073096750	Marionette	INFO	Stopped listening on port 35645
[Child 13911, MediaDecoderStateMachine #1] WARNING: 7fc199454460 OpenCubeb() failed to init cubeb: file /build/firefox-PX6VQo/firefox-77.0.1+build1/dom/media/AudioStream.cpp, line 328
[Child 13911, MediaDecoderStateMachine #1] WARNING: Decoder=7fc198612400 [OnMediaSinkAudioError]: file /build/firefox-PX6VQo/firefox-77.0.1+build1/dom/media/MediaDecoderStateMachine.cpp, line 3764
[Child 13911, MediaDecoderStateMachine #1] WARNING: Decoder=7fc198612400 Decode error: NS_ERROR_DOM_MEDIA_MEDIASINK_ERR (0x806e000b) - OnMediaSinkAudioError: file /build/firefox-PX6VQo/firefox-77.0.1+build1/dom/media/MediaDecoderStateMachine.cpp, line 3370
JavaScript error: https://eus.rubiconproject.com/usync.html?p=infolinks&endpoint=us-east, line 12: SecurityError: The operation is insecure.
1592073101684	Marionette	INFO	Stopped listening on port 44363
1592073207359	mozrunner::runner	INFO	Running command: "/usr/bin/firefox" "-marionette" "-foreground" "-no-remote" "-profile" "/tmp/rust_mozprofile.bETlKUSEpx0C"
1592073209165	Marionette	INFO	Listening on port 36523
1592073209263	Marionette	WARN	TLS certificate errors will be ignored for this session
[Child 14349, MediaDecoderStateMachine #1] WARNING: 7f48c81ea870 OpenCubeb() failed to init cubeb: file /build/firefox-PX6VQo/firefox-77.0.1+build1/dom/media/AudioStream.cpp, line 328
[Child 14349, MediaDecoderStateMachine #1] WARNING: Decoder=7f48d39e0800 [OnMediaSinkAudioError]: file /build/firefox-PX6VQo/firefox-77.0.1+build1/dom/media/MediaDecoderStateMachine.cpp, line 3764
[Child 14349, MediaDecoderStateMachine #1] WARNING: Decoder=7f48d39e0800 Decode error: NS_ERROR_DOM_MEDIA_MEDIASINK_ERR (0x806e000b) - OnMediaSinkAudioError: file /build/firefox-PX6VQo/firefox-77.0.1+build1/dom/media/MediaDecoderStateMachine.cpp, line 3370
1592073622881	mozrunner::runner	INFO	Running command: "/usr/bin/firefox" "-marionette" "-foreground" "-no-remote" "-profile" "/tmp/rust_mozprofile.kEeLRbzwCqun"
1592073624728	Marionette	INFO	Listening on port 34781
1592073624785	Marionette	WARN	TLS certificate errors will be ignored for this session
JavaScript error: https://10minutemail.com/ line 2 > scriptElement, line 2: ReferenceError: googletag is not defined
1592073656761	mozrunner::runner	INFO	Running command: "/usr/bin/firefox" "-marionette" "-foreground" "-no-remote" "-profile" "/tmp/rust_mozprofile.6axqGSD2hmgK"
1592073658646	Marionette	INFO	Listening on port 38555
1592073658667	Marionette	WARN	TLS certificate errors will be ignored for this session
JavaScript error: https://10minutemail.com/ line 2 > scriptElement, line 2: ReferenceError: googletag is not defined
JavaScript error: https://eus.rubiconproject.com/usync.html?p=infolinks&endpoint=us-east, line 12: SecurityError: The operation is insecure.
1592073676394	Marionette	INFO	Stopped listening on port 38555
1592073676500	Marionette	INFO	Stopped listening on port 36523
JavaScript error: https://eus.rubiconproject.com/usync.html?p=infolinks&endpoint=us-east, line 12: SecurityError: The operation is insecure.
1592073677723	Marionette	INFO	Stopped listening on port 45133
1592073679550	Marionette	INFO	Stopped listening on port 34781
1592073687248	mozrunner::runner	INFO	Running command: "/usr/bin/firefox" "-marionette" "-foreground" "-no-remote" "-profile" "/tmp/rust_mozprofile.EI9X0pKU94V7"
1592073689093	Marionette	INFO	Listening on port 37809
1592073689152	Marionette	WARN	TLS certificate errors will be ignored for this session
JavaScript error: https://10minutemail.com/ line 2 > scriptElement, line 2: ReferenceError: googletag is not defined
1592073794311	mozrunner::runner	INFO	Running command: "/usr/bin/firefox" "-marionette" "-foreground" "-no-remote" "-profile" "/tmp/rust_mozprofile.pflll7U1AR27"
1592073796141	Marionette	INFO	Listening on port 37267
1592073796215	Marionette	WARN	TLS certificate errors will be ignored for this session
1592073797261	Marionette	INFO	Stopped listening on port 37809
JavaScript error: https://10minutemail.com/ line 2 > scriptElement, line 2: ReferenceError: googletag is not defined
console.warn: LoginRecipes: "getRecipes: falling back to a synchronous message for:" "https://10minutemail.com"
console.error: "Store does not have a valid reducer. Make sure the argument passed to combineReducers is an object whose values are reducers."
SourceActor threw an exception: [Exception... "Component returned failure code: 0x80470002 (NS_BASE_STREAM_CLOSED) [nsIInputStream.available]"  nsresult: "0x80470002 (NS_BASE_STREAM_CLOSED)"  location: "JS frame :: resource://devtools/shared/DevToolsUtils.js :: onResponse :: line 558"  data: no]
Stack: onResponse@resource://devtools/shared/DevToolsUtils.js:558:34
onStopRequest@resource://gre/modules/NetUtil.jsm:128:18
Line: 558, column: 0
console.error: ({})
JavaScript error: resource://devtools/shared/DevToolsUtils.js, line 558: NS_BASE_STREAM_CLOSED: Component returned failure code: 0x80470002 (NS_BASE_STREAM_CLOSED) [nsIInputStream.available]
1592073830246	Marionette	INFO	Stopped listening on port 37267
1592139379486	mozrunner::runner	INFO	Running command: "/usr/bin/firefox" "-marionette" "-foreground" "-no-remote" "-profile" "/tmp/rust_mozprofile.IL7nvSxrzilH"
1592139381395	Marionette	INFO	Listening on port 45885
1592139381558	Marionette	WARN	TLS certificate errors will be ignored for this session
JavaScript warning: https://ajax.googleapis.com/ajax/libs/jquery/1.10.2/jquery.min.js, line 2: Using //@ to indicate sourceMappingURL pragmas is deprecated. Use //# instead
1592139413948	mozrunner::runner	INFO	Running command: "/usr/bin/firefox" "-marionette" "-foreground" "-no-remote" "-profile" "/tmp/rust_mozprofile.KYrT2EFfdnDC"
1592139415894	Marionette	INFO	Listening on port 41947
1592139415952	Marionette	WARN	TLS certificate errors will be ignored for this session
JavaScript warning: https://ajax.googleapis.com/ajax/libs/jquery/1.10.2/jquery.min.js, line 2: Using //@ to indicate sourceMappingURL pragmas is deprecated. Use //# instead
1592139417914	Marionette	INFO	Stopped listening on port 45885
1592139431297	Marionette	INFO	Stopped listening on port 41947
1592139447448	mozrunner::runner	INFO	Running command: "/usr/bin/firefox" "-marionette" "-foreground" "-no-remote" "-profile" "/tmp/rust_mozprofile.ve4LMFALP1jS"
1592139449391	Marionette	INFO	Listening on port 36853
1592139449452	Marionette	WARN	TLS certificate errors will be ignored for this session
JavaScript warning: https://ajax.googleapis.com/ajax/libs/jquery/1.10.2/jquery.min.js, line 2: Using //@ to indicate sourceMappingURL pragmas is deprecated. Use //# instead
1592139521054	mozrunner::runner	INFO	Running command: "/usr/bin/firefox" "-marionette" "-foreground" "-no-remote" "-profile" "/tmp/rust_mozprofile.RIo0mW977hVn"
1592139523010	Marionette	INFO	Listening on port 37465
1592139523115	Marionette	WARN	TLS certificate errors will be ignored for this session
1592139524726	Marionette	INFO	Stopped listening on port 36853
JavaScript warning: https://ajax.googleapis.com/ajax/libs/jquery/1.10.2/jquery.min.js, line 2: Using //@ to indicate sourceMappingURL pragmas is deprecated. Use //# instead
1592139535131	Marionette	INFO	Stopped listening on port 37465
1592139566203	mozrunner::runner	INFO	Running command: "/usr/bin/firefox" "-marionette" "-foreground" "-no-remote" "-profile" "/tmp/rust_mozprofile.aKuvWF5cv6s9"
1592139567984	Marionette	INFO	Listening on port 39057
1592139568007	Marionette	WARN	TLS certificate errors will be ignored for this session
JavaScript warning: https://ajax.googleapis.com/ajax/libs/jquery/1.10.2/jquery.min.js, line 2: Using //@ to indicate sourceMappingURL pragmas is deprecated. Use //# instead
1592139587236	Marionette	INFO	Stopped listening on port 39057
1592139633571	mozrunner::runner	INFO	Running command: "/usr/bin/firefox" "-marionette" "-foreground" "-no-remote" "-profile" "/tmp/rust_mozprofile.KvMt4NGtukP3"
1592139635404	Marionette	INFO	Listening on port 40507
1592139635475	Marionette	WARN	TLS certificate errors will be ignored for this session
JavaScript warning: https://ajax.googleapis.com/ajax/libs/jquery/1.10.2/jquery.min.js, line 2: Using //@ to indicate sourceMappingURL pragmas is deprecated. Use //# instead
JavaScript warning: https://ajax.googleapis.com/ajax/libs/jquery/1.10.2/jquery.min.js, line 2: Using //@ to indicate sourceMappingURL pragmas is deprecated. Use //# instead
1592139672167	Marionette	INFO	Stopped listening on port 40507
1592140120970	mozrunner::runner	INFO	Running command: "/usr/bin/firefox" "-marionette" "-foreground" "-no-remote" "-profile" "/tmp/rust_mozprofile.Uqdn7I11jsdR"
1592140122817	Marionette	INFO	Listening on port 41281
1592140122874	Marionette	WARN	TLS certificate errors will be ignored for this session
JavaScript warning: https://ajax.googleapis.com/ajax/libs/jquery/1.9.1/jquery.min.js, line 2: Using //@ to indicate sourceMappingURL pragmas is deprecated. Use //# instead
JavaScript warning: https://ajax.googleapis.com/ajax/libs/jquery/1.9.1/jquery.min.js, line 2: Using //@ to indicate sourceMappingURL pragmas is deprecated. Use //# instead
JavaScript error: https://eus.rubiconproject.com/usync.html?p=17632&endpoint=us-east, line 12: SecurityError: The operation is insecure.
JavaScript error: https://eus.rubiconproject.com/usync.html, line 12: SecurityError: The operation is insecure.
1592140147305	Marionette	INFO	Stopped listening on port 41281
1592140249685	mozrunner::runner	INFO	Running command: "/usr/bin/firefox" "-marionette" "-foreground" "-no-remote" "-profile" "/tmp/rust_mozprofile.a3XMaoBH55gC"
1592140251530	Marionette	INFO	Listening on port 38279
1592140251589	Marionette	WARN	TLS certificate errors will be ignored for this session
JavaScript warning: https://ajax.googleapis.com/ajax/libs/jquery/1.9.1/jquery.min.js, line 2: Using //@ to indicate sourceMappingURL pragmas is deprecated. Use //# instead
JavaScript warning: https://ajax.googleapis.com/ajax/libs/jquery/1.9.1/jquery.min.js, line 2: Using //@ to indicate sourceMappingURL pragmas is deprecated. Use //# instead
1592140362822	mozrunner::runner	INFO	Running command: "/usr/bin/firefox" "-marionette" "-foreground" "-no-remote" "-profile" "/tmp/rust_mozprofile.7qBKIstBLybk"
1592140364673	Marionette	INFO	Listening on port 43867
1592140364728	Marionette	WARN	TLS certificate errors will be ignored for this session
JavaScript warning: https://ajax.googleapis.com/ajax/libs/jquery/1.9.1/jquery.min.js, line 2: Using //@ to indicate sourceMappingURL pragmas is deprecated. Use //# instead
JavaScript warning: https://ajax.googleapis.com/ajax/libs/jquery/1.9.1/jquery.min.js, line 2: Using //@ to indicate sourceMappingURL pragmas is deprecated. Use //# instead
1592140459977	mozrunner::runner	INFO	Running command: "/usr/bin/firefox" "-marionette" "-foreground" "-no-remote" "-profile" "/tmp/rust_mozprofile.cd0TIMEvHsWE"
1592140461835	Marionette	INFO	Listening on port 46671
1592140461881	Marionette	WARN	TLS certificate errors will be ignored for this session
JavaScript error: https://eus.rubiconproject.com/usync.html?p=17632&endpoint=us-east, line 12: SecurityError: The operation is insecure.
JavaScript error: https://eus.rubiconproject.com/usync.html, line 12: SecurityError: The operation is insecure.
1592140462881	Marionette	INFO	Stopped listening on port 38279
JavaScript warning: https://ajax.googleapis.com/ajax/libs/jquery/1.9.1/jquery.min.js, line 2: Using //@ to indicate sourceMappingURL pragmas is deprecated. Use //# instead
JavaScript error: https://eus.rubiconproject.com/usync.html?p=17632&endpoint=us-east, line 12: SecurityError: The operation is insecure.
JavaScript error: https://eus.rubiconproject.com/usync.html, line 12: SecurityError: The operation is insecure.
1592140464068	Marionette	INFO	Stopped listening on port 43867
JavaScript warning: https://ajax.googleapis.com/ajax/libs/jquery/1.9.1/jquery.min.js, line 2: Using //@ to indicate sourceMappingURL pragmas is deprecated. Use //# instead
1592141041865	mozrunner::runner	INFO	Running command: "/usr/bin/firefox" "-marionette" "-foreground" "-no-remote" "-profile" "/tmp/rust_mozprofile.MLHifpLrAcfW"
1592141043836	Marionette	INFO	Listening on port 33609
1592141043870	Marionette	WARN	TLS certificate errors will be ignored for this session
